[INFO] Scanning for projects...
[INFO] 
[INFO] ----------------< es.iesjandula.reaktor:FirebaseServer >----------------
[INFO] Building FirebaseServer 1.0.0
[INFO]   from pom.xml
[INFO] --------------------------------[ jar ]---------------------------------
[INFO] 
[INFO] >>> spring-boot:3.2.3:run (default-cli) > test-compile @ FirebaseServer >>>
[INFO] 
[INFO] --- resources:3.3.1:resources (default-resources) @ FirebaseServer ---
[INFO] Copying 3 resources from src\main\resources to target\classes
[INFO] Copying 0 resource from src\main\resources to target\classes
[INFO] 
[INFO] --- compiler:3.11.0:compile (default-compile) @ FirebaseServer ---
[INFO] Nothing to compile - all classes are up to date
[INFO] 
[INFO] --- resources:3.3.1:testResources (default-testResources) @ FirebaseServer ---
[INFO] skip non existing resourceDirectory C:\Users\2DAM\Desktop\somos-jandula\somos-jandula\Reaktor_FirebaseServer-main\src\test\resources
[INFO] 
[INFO] --- compiler:3.11.0:testCompile (default-testCompile) @ FirebaseServer ---
[INFO] No sources to compile
[INFO] 
[INFO] <<< spring-boot:3.2.3:run (default-cli) < test-compile @ FirebaseServer <<<
[INFO] 
[INFO] 
[INFO] --- spring-boot:3.2.3:run (default-cli) @ FirebaseServer ---
[INFO] Attaching agents: []

  .   ____          _            __ _ _
 /\\ / ___'_ __ _ _(_)_ __  __ _ \ \ \ \
( ( )\___ | '_ | '_| | '_ \/ _` | \ \ \ \
 \\/  ___)| |_)| | | | | || (_| |  ) ) ) )
  '  |____| .__|_| |_|_| |_\__, | / / / /
 =========|_|==============|___/=/_/_/_/
 :: Spring Boot ::                (v3.2.3)

2026-01-29T15:53:37.974+01:00  INFO 8064 --- [           main] e.i.r.f.ReaktorFirebaseServerApplication : Starting ReaktorFirebaseServerApplication using Java 21.0.8 with PID 8064 (C:\Users\2DAM\Desktop\somos-jandula\somos-jandula\Reaktor_FirebaseServer-main\target\classes started by 2DAM in C:\Users\2DAM\Desktop\somos-jandula\somos-jandula\Reaktor_FirebaseServer-main)
2026-01-29T15:53:37.981+01:00  INFO 8064 --- [           main] e.i.r.f.ReaktorFirebaseServerApplication : No active profile set, falling back to 1 default profile: "default"
2026-01-29T15:53:38.777+01:00  INFO 8064 --- [           main] .s.d.r.c.RepositoryConfigurationDelegate : Bootstrapping Spring Data JPA repositories in DEFAULT mode.
2026-01-29T15:53:38.841+01:00  INFO 8064 --- [           main] .s.d.r.c.RepositoryConfigurationDelegate : Finished Spring Data repository scanning in 55 ms. Found 2 JPA repository interfaces.
2026-01-29T15:53:39.460+01:00  INFO 8064 --- [           main] o.s.b.w.embedded.tomcat.TomcatWebServer  : Tomcat initialized with port 8083 (http)
2026-01-29T15:53:39.477+01:00  INFO 8064 --- [           main] o.apache.catalina.core.StandardService   : Starting service [Tomcat]
2026-01-29T15:53:39.477+01:00  INFO 8064 --- [           main] o.apache.catalina.core.StandardEngine    : Starting Servlet engine: [Apache Tomcat/10.1.19]
2026-01-29T15:53:39.544+01:00  INFO 8064 --- [           main] o.a.c.c.C.[Tomcat].[localhost].[/]       : Initializing Spring embedded WebApplicationContext
2026-01-29T15:53:39.544+01:00  INFO 8064 --- [           main] w.s.c.ServletWebServerApplicationContext : Root WebApplicationContext: initialization completed in 1493 ms
2026-01-29T15:53:39.812+01:00  INFO 8064 --- [           main] o.hibernate.jpa.internal.util.LogHelper  : HHH000204: Processing PersistenceUnitInfo [name: default]
2026-01-29T15:53:39.867+01:00  INFO 8064 --- [           main] org.hibernate.Version                    : HHH000412: Hibernate ORM core version 6.4.4.Final
2026-01-29T15:53:39.895+01:00  INFO 8064 --- [           main] o.h.c.internal.RegionFactoryInitiator    : HHH000026: Second-level cache disabled
2026-01-29T15:53:40.140+01:00  INFO 8064 --- [           main] o.s.o.j.p.SpringPersistenceUnitInfo      : No LoadTimeWeaver setup: ignoring JPA class transformer
2026-01-29T15:53:40.167+01:00  INFO 8064 --- [           main] com.zaxxer.hikari.HikariDataSource       : HikariPool-1 - Starting...
2026-01-29T15:53:40.563+01:00  INFO 8064 --- [           main] com.zaxxer.hikari.pool.HikariPool        : HikariPool-1 - Added connection com.mysql.cj.jdbc.ConnectionImpl@29aa4bc9
2026-01-29T15:53:40.565+01:00  INFO 8064 --- [           main] com.zaxxer.hikari.HikariDataSource       : HikariPool-1 - Start completed.
2026-01-29T15:53:41.711+01:00  INFO 8064 --- [           main] o.h.e.t.j.p.i.JtaPlatformInitiator       : HHH000489: No JTA platform available (set 'hibernate.transaction.jta.platform' to enable JTA platform integration)
2026-01-29T15:53:41.795+01:00  INFO 8064 --- [           main] j.LocalContainerEntityManagerFactoryBean : Initialized JPA EntityManagerFactory for persistence unit 'default'
2026-01-29T15:53:42.090+01:00  INFO 8064 --- [           main] o.s.d.j.r.query.QueryEnhancerFactory     : Hibernate is in classpath; If applicable, HQL parser will be used.
2026-01-29T15:53:42.582+01:00  INFO 8064 --- [           main] e.i.r.base.jar_update.JarUpdateService   : La ruta original del JAR es /C:/Users/2DAM/.m2/repository/es/iesjandula/reaktor/Base/1.0.0/Base-1.0.0.jar
2026-01-29T15:53:42.583+01:00  INFO 8064 --- [           main] e.i.r.base.jar_update.JarUpdateService   : El JAR está ubicado en /C:/Users/2DAM/.m2/repository/es/iesjandula/reaktor/Base/1.0.0/Base-1.0.0.jar
2026-01-29T15:53:42.584+01:00  INFO 8064 --- [           main] e.i.r.base.jar_update.JarUpdateService   : Última modificación del JAR en el tiempo 1769697959599
2026-01-29T15:53:42.603+01:00  WARN 8064 --- [           main] JpaBaseConfiguration$JpaWebConfiguration : spring.jpa.open-in-view is enabled by default. Therefore, database queries may be performed during view rendering. Explicitly configure spring.jpa.open-in-view to disable this warning
2026-01-29T15:53:43.141+01:00  INFO 8064 --- [           main] o.s.s.web.DefaultSecurityFilterChain     : Will secure any request with [org.springframework.security.web.session.DisableEncodeUrlFilter@4bdd6fe0, org.springframework.security.web.context.request.async.WebAsyncManagerIntegrationFilter@3aaeb65b, org.springframework.security.web.context.SecurityContextHolderFilter@545d772e, org.springframework.security.web.header.HeaderWriterFilter@5bb00dcc, org.springframework.web.filter.CorsFilter@25f688d5, org.springframework.security.web.authentication.logout.LogoutFilter@726e780a, es.iesjandula.reaktor.base_server.security.JwtRequestFilter@5974b233, org.springframework.security.web.savedrequest.RequestCacheAwareFilter@7685912e, org.springframework.security.web.servletapi.SecurityContextHolderAwareRequestFilter@3ea3b20d, org.springframework.security.web.authentication.AnonymousAuthenticationFilter@1b1434ce, org.springframework.security.web.session.SessionManagementFilter@b65cc8b, org.springframework.security.web.access.ExceptionTranslationFilter@6285027a, org.springframework.security.web.access.intercept.AuthorizationFilter@43165282]
2026-01-29T15:53:43.380+01:00  INFO 8064 --- [           main] o.s.b.w.embedded.tomcat.TomcatWebServer  : Tomcat started on port 8083 (http) with context path ''
2026-01-29T15:53:43.390+01:00  INFO 8064 --- [           main] e.i.r.f.ReaktorFirebaseServerApplication : Started ReaktorFirebaseServerApplication in 5.979 seconds (process running for 6.425)
